<?xml version="1.0" encoding="UTF-8"?>
<!-- Generated by org.testng.reporters.JUnitXMLReporter -->
<testsuite ignored="0" hostname="SYS348" failures="1" tests="2" name="CartVerification" time="250.323" errors="0" timestamp="03 Jan 2020 15:35:30 GMT">
  <testcase classname="test.AmzCartVerification" name="verifyCartItems" time="117.625"/>
  <testcase classname="test.AmzCartVerification" name="verifyCartItems" time="111.491">
    <failure type="java.lang.AssertionError" message="expected [31559.699999999997] but found [31559.7]">
      <![CDATA[java.lang.AssertionError: expected [31559.699999999997] but found [31559.7]
at test.AmzCartVerification.verifyCartItems(AmzCartVerification.java:87)
... Removed 30 stack frames]]>
    </failure>
  </testcase> <!-- verifyCartItems -->
</testsuite> <!-- CartVerification -->
